{"/home/bmq928/Documents/stuff/ecomerce/packages/service-authentication/src/api/healthcheck.ts": {"path":"/home/bmq928/Documents/stuff/ecomerce/packages/service-authentication/src/api/healthcheck.ts","statementMap":{"0":{"start":{"line":1,"column":0},"end":{"line":1,"column":32}},"1":{"start":{"line":3,"column":15},"end":{"line":3,"column":23}},"2":{"start":{"line":5,"column":0},"end":{"line":7,"column":null}},"3":{"start":{"line":6,"column":2},"end":{"line":6,"column":null}},"4":{"start":{"line":9,"column":0},"end":{"line":9,"column":null}}},"fnMap":{"0":{"name":"(anonymous_0)","decl":{"start":{"line":5,"column":22},"end":{"line":5,"column":23}},"loc":{"start":{"line":5,"column":35},"end":{"line":7,"column":1}}}},"branchMap":{},"s":{"0":1,"1":1,"2":1,"3":0,"4":1},"f":{"0":0},"b":{}}
,"/home/bmq928/Documents/stuff/ecomerce/packages/service-authentication/src/api/index.ts": {"path":"/home/bmq928/Documents/stuff/ecomerce/packages/service-authentication/src/api/index.ts","statementMap":{"0":{"start":{"line":1,"column":0},"end":{"line":1,"column":66}},"1":{"start":{"line":2,"column":0},"end":{"line":2,"column":23}},"2":{"start":{"line":3,"column":0},"end":{"line":3,"column":36}},"3":{"start":{"line":5,"column":0},"end":{"line":5,"column":55}},"4":{"start":{"line":7,"column":0},"end":{"line":7,"column":44}},"5":{"start":{"line":8,"column":0},"end":{"line":8,"column":32}},"6":{"start":{"line":9,"column":0},"end":{"line":9,"column":38}},"7":{"start":{"line":11,"column":12},"end":{"line":11,"column":21}},"8":{"start":{"line":13,"column":0},"end":{"line":13,"column":null}},"9":{"start":{"line":14,"column":0},"end":{"line":14,"column":null}},"10":{"start":{"line":16,"column":0},"end":{"line":16,"column":null}},"11":{"start":{"line":17,"column":0},"end":{"line":17,"column":null}},"12":{"start":{"line":18,"column":0},"end":{"line":18,"column":null}},"13":{"start":{"line":20,"column":0},"end":{"line":25,"column":null}},"14":{"start":{"line":21,"column":2},"end":{"line":23,"column":null}},"15":{"start":{"line":22,"column":4},"end":{"line":22,"column":null}},"16":{"start":{"line":24,"column":2},"end":{"line":24,"column":null}},"17":{"start":{"line":27,"column":0},"end":{"line":27,"column":null}}},"fnMap":{"0":{"name":"(anonymous_1)","decl":{"start":{"line":20,"column":8},"end":{"line":20,"column":9}},"loc":{"start":{"line":20,"column":72},"end":{"line":25,"column":1}}}},"branchMap":{"0":{"loc":{"start":{"line":21,"column":2},"end":{"line":23,"column":null}},"type":"if","locations":[{"start":{"line":21,"column":2},"end":{"line":23,"column":null}},{"start":{"line":21,"column":2},"end":{"line":23,"column":null}}]}},"s":{"0":1,"1":1,"2":1,"3":1,"4":1,"5":1,"6":1,"7":1,"8":1,"9":1,"10":1,"11":1,"12":1,"13":1,"14":5,"15":5,"16":5,"17":1},"f":{"0":5},"b":{"0":[5,0]}}
,"/home/bmq928/Documents/stuff/ecomerce/packages/service-authentication/src/api/login.ts": {"path":"/home/bmq928/Documents/stuff/ecomerce/packages/service-authentication/src/api/login.ts","statementMap":{"0":{"start":{"line":1,"column":0},"end":{"line":1,"column":32}},"1":{"start":{"line":3,"column":15},"end":{"line":3,"column":23}},"2":{"start":{"line":5,"column":0},"end":{"line":5,"column":null}}},"fnMap":{},"branchMap":{},"s":{"0":1,"1":1,"2":1},"f":{},"b":{}}
,"/home/bmq928/Documents/stuff/ecomerce/packages/service-authentication/src/api/register.ts": {"path":"/home/bmq928/Documents/stuff/ecomerce/packages/service-authentication/src/api/register.ts","statementMap":{"0":{"start":{"line":1,"column":0},"end":{"line":1,"column":32}},"1":{"start":{"line":2,"column":0},"end":{"line":2,"column":80}},"2":{"start":{"line":4,"column":15},"end":{"line":4,"column":23}},"3":{"start":{"line":6,"column":0},"end":{"line":10,"column":null}},"4":{"start":{"line":7,"column":18},"end":{"line":7,"column":61}},"5":{"start":{"line":9,"column":2},"end":{"line":9,"column":null}},"6":{"start":{"line":12,"column":0},"end":{"line":12,"column":null}}},"fnMap":{"0":{"name":"(anonymous_0)","decl":{"start":{"line":6,"column":25},"end":{"line":6,"column":26}},"loc":{"start":{"line":6,"column":38},"end":{"line":10,"column":1}}}},"branchMap":{},"s":{"0":1,"1":1,"2":1,"3":1,"4":5,"5":0,"6":1},"f":{"0":5},"b":{}}
,"/home/bmq928/Documents/stuff/ecomerce/packages/service-authentication/src/repository/account.ts": {"path":"/home/bmq928/Documents/stuff/ecomerce/packages/service-authentication/src/repository/account.ts","statementMap":{"0":{"start":{"line":3,"column":0},"end":{"line":3,"column":16}},"1":{"start":{"line":7,"column":2},"end":{"line":7,"column":null}},"2":{"start":{"line":5,"column":0},"end":{"line":5,"column":16}},"3":{"start":{"line":12,"column":2},"end":{"line":12,"column":null}},"4":{"start":{"line":10,"column":0},"end":{"line":10,"column":16}}},"fnMap":{"0":{"name":"create","decl":{"start":{"line":3,"column":16},"end":{"line":3,"column":22}},"loc":{"start":{"line":3,"column":47},"end":{"line":3,"column":57}}},"1":{"name":"findById","decl":{"start":{"line":5,"column":16},"end":{"line":5,"column":24}},"loc":{"start":{"line":5,"column":35},"end":{"line":8,"column":1}}},"2":{"name":"findByUsername","decl":{"start":{"line":10,"column":16},"end":{"line":10,"column":30}},"loc":{"start":{"line":10,"column":47},"end":{"line":13,"column":1}}}},"branchMap":{},"s":{"0":1,"1":0,"2":1,"3":0,"4":1},"f":{"0":0,"1":0,"2":0},"b":{}}
,"/home/bmq928/Documents/stuff/ecomerce/packages/service-authentication/src/repository/index.ts": {"path":"/home/bmq928/Documents/stuff/ecomerce/packages/service-authentication/src/repository/index.ts","statementMap":{"0":{"start":{"line":1,"column":0},"end":{"line":1,"column":40}},"1":{"start":{"line":3,"column":9},"end":{"line":3,"column":20}}},"fnMap":{},"branchMap":{},"s":{"0":1,"1":1},"f":{},"b":{}}
}
